# JRE version: OpenJDK Runtime Environment Microsoft-8035246 (17.0.8+7) (build 17.0.8+7-LTS)
# Java VM: OpenJDK 64-Bit Server VM Microsoft-8035246 (17.0.8+7-LTS, mixed mode, sharing, tiered, compressed oops, compressed class ptrs, g1 gc, windows-amd64)
GC Precious Log:
 CPUs: 4 total, 4 available
 Memory: 12193M
 Large Page Support: Disabled
 NUMA Support: Disabled
 Compressed Oops: Enabled (32-bit)
 Heap Region Size: 1M
 Heap Min Capacity: 8M
 Heap Initial Capacity: 192M
 Heap Max Capacity: 2G
 Pre-touch: Disabled
 Parallel Workers: 4
 Concurrent Workers: 1
 Concurrent Refinement Workers: 4
 Periodic GC: Disabled
Heap:
 garbage-first heap   total 271360K, used 217385K [0x0000000080000000, 0x0000000100000000)
  region size 1024K, 61 young (62464K), 1 survivors (1024K)
 Metaspace       used 104178K, committed 105280K, reserved 557056K
  class space    used 14480K, committed 14976K, reserved 425984K
GC Heap History (20 events):
Event: 41.874 GC heap before
{Heap before GC invocations=42 (full 0):
 garbage-first heap   total 220160K, used 172757K [0x0000000080000000, 0x0000000100000000)
  region size 1024K, 73 young (74752K), 9 survivors (9216K)
 Metaspace       used 94458K, committed 95360K, reserved 557056K
  class space    used 13225K, committed 13632K, reserved 425984K
}
Event: 41.902 GC heap after
{Heap after GC invocations=43 (full 0):
 garbage-first heap   total 220160K, used 120520K [0x0000000080000000, 0x0000000100000000)
  region size 1024K, 10 young (10240K), 10 survivors (10240K)
 Metaspace       used 94458K, committed 95360K, reserved 557056K
  class space    used 13225K, committed 13632K, reserved 425984K
}
Event: 42.783 GC heap before
{Heap before GC invocations=43 (full 0):
 garbage-first heap   total 220160K, used 139976K [0x0000000080000000, 0x0000000100000000)
  region size 1024K, 31 young (31744K), 10 survivors (10240K)
 Metaspace       used 95381K, committed 96384K, reserved 557056K
  class space    used 13307K, committed 13760K, reserved 425984K
}
Event: 42.802 GC heap after
{Heap after GC invocations=44 (full 0):
 garbage-first heap   total 220160K, used 126520K [0x0000000080000000, 0x0000000100000000)
  region size 1024K, 5 young (5120K), 5 survivors (5120K)
 Metaspace       used 95381K, committed 96384K, reserved 557056K
  class space    used 13307K, committed 13760K, reserved 425984K
}
Event: 44.654 GC heap before
{Heap before GC invocations=45 (full 0):
 garbage-first heap   total 229376K, used 172600K [0x0000000080000000, 0x0000000100000000)
  region size 1024K, 48 young (49152K), 5 survivors (5120K)
 Metaspace       used 95849K, committed 96832K, reserved 557056K
  class space    used 13369K, committed 13824K, reserved 425984K
}
Event: 44.671 GC heap after
{Heap after GC invocations=46 (full 0):
 garbage-first heap   total 229376K, used 140085K [0x0000000080000000, 0x0000000100000000)
  region size 1024K, 6 young (6144K), 6 survivors (6144K)
 Metaspace       used 95849K, committed 96832K, reserved 557056K
  class space    used 13369K, committed 13824K, reserved 425984K
}
Event: 44.841 GC heap before
{Heap before GC invocations=46 (full 0):
 garbage-first heap   total 229376K, used 145205K [0x0000000080000000, 0x0000000100000000)
  region size 1024K, 11 young (11264K), 6 survivors (6144K)
 Metaspace       used 95895K, committed 96896K, reserved 557056K
  class space    used 13369K, committed 13824K, reserved 425984K
}
Event: 44.856 GC heap after
{Heap after GC invocations=47 (full 0):
 garbage-first heap   total 229376K, used 142047K [0x0000000080000000, 0x0000000100000000)
  region size 1024K, 2 young (2048K), 2 survivors (2048K)
 Metaspace       used 95895K, committed 96896K, reserved 557056K
  class space    used 13369K, committed 13824K, reserved 425984K
}
Event: 45.819 GC heap before
{Heap before GC invocations=47 (full 0):
 garbage-first heap   total 229376K, used 180959K [0x0000000080000000, 0x0000000100000000)
  region size 1024K, 40 young (40960K), 2 survivors (2048K)
 Metaspace       used 98648K, committed 99712K, reserved 557056K
  class space    used 13784K, committed 14272K, reserved 425984K
}
Event: 45.832 GC heap after
{Heap after GC invocations=48 (full 0):
 garbage-first heap   total 229376K, used 143549K [0x0000000080000000, 0x0000000100000000)
  region size 1024K, 3 young (3072K), 3 survivors (3072K)
 Metaspace       used 98648K, committed 99712K, reserved 557056K
  class space    used 13784K, committed 14272K, reserved 425984K
}
Event: 47.234 GC heap before
{Heap before GC invocations=49 (full 0):
 garbage-first heap   total 258048K, used 182461K [0x0000000080000000, 0x0000000100000000)
  region size 1024K, 41 young (41984K), 3 survivors (3072K)
 Metaspace       used 101028K, committed 102016K, reserved 557056K
  class space    used 14109K, committed 14592K, reserved 425984K
}
Event: 47.250 GC heap after
{Heap after GC invocations=50 (full 0):
 garbage-first heap   total 258048K, used 146900K [0x0000000080000000, 0x0000000100000000)
  region size 1024K, 6 young (6144K), 6 survivors (6144K)
 Metaspace       used 101028K, committed 102016K, reserved 557056K
  class space    used 14109K, committed 14592K, reserved 425984K
}
Event: 47.329 GC heap before
{Heap before GC invocations=50 (full 0):
 garbage-first heap   total 258048K, used 153044K [0x0000000080000000, 0x0000000100000000)
  region size 1024K, 12 young (12288K), 6 survivors (6144K)
 Metaspace       used 101284K, committed 102336K, reserved 557056K
  class space    used 14151K, committed 14656K, reserved 425984K
}
Event: 47.344 GC heap after
{Heap after GC invocations=51 (full 0):
 garbage-first heap   total 258048K, used 147369K [0x0000000080000000, 0x0000000100000000)
  region size 1024K, 1 young (1024K), 1 survivors (1024K)
 Metaspace       used 101284K, committed 102336K, reserved 557056K
  class space    used 14151K, committed 14656K, reserved 425984K
}
Event: 48.646 GC heap before
{Heap before GC invocations=51 (full 0):
 garbage-first heap   total 258048K, used 203689K [0x0000000080000000, 0x0000000100000000)
  region size 1024K, 56 young (57344K), 1 survivors (1024K)
 Metaspace       used 102614K, committed 103744K, reserved 557056K
  class space    used 14297K, committed 14848K, reserved 425984K
}
Event: 48.660 GC heap after
{Heap after GC invocations=52 (full 0):
 garbage-first heap   total 258048K, used 153107K [0x0000000080000000, 0x0000000100000000)
  region size 1024K, 7 young (7168K), 7 survivors (7168K)
 Metaspace       used 102614K, committed 103744K, reserved 557056K
  class space    used 14297K, committed 14848K, reserved 425984K
}
Event: 50.399 GC heap before
{Heap before GC invocations=53 (full 0):
 garbage-first heap   total 271360K, used 204307K [0x0000000080000000, 0x0000000100000000)
  region size 1024K, 58 young (59392K), 7 survivors (7168K)
 Metaspace       used 103610K, committed 104768K, reserved 557056K
  class space    used 14424K, committed 14976K, reserved 425984K
}
Event: 50.421 GC heap after
{Heap after GC invocations=54 (full 0):
 garbage-first heap   total 271360K, used 158300K [0x0000000080000000, 0x0000000100000000)
  region size 1024K, 6 young (6144K), 6 survivors (6144K)
 Metaspace       used 103610K, committed 104768K, reserved 557056K
  class space    used 14424K, committed 14976K, reserved 425984K
}
Event: 50.673 GC heap before
{Heap before GC invocations=54 (full 0):
 garbage-first heap   total 271360K, used 164444K [0x0000000080000000, 0x0000000100000000)
  region size 1024K, 13 young (13312K), 6 survivors (6144K)
 Metaspace       used 103690K, committed 104832K, reserved 557056K
  class space    used 14424K, committed 14976K, reserved 425984K
}
Event: 50.686 GC heap after
{Heap after GC invocations=55 (full 0):
 garbage-first heap   total 271360K, used 157993K [0x0000000080000000, 0x0000000100000000)
  region size 1024K, 1 young (1024K), 1 survivors (1024K)
 Metaspace       used 103690K, committed 104832K, reserved 557056K
  class space    used 14424K, committed 14976K, reserved 425984K
}

