# JRE version: OpenJDK Runtime Environment Microsoft-8035246 (17.0.8+7) (build 17.0.8+7-LTS)
# Java VM: OpenJDK 64-Bit Server VM Microsoft-8035246 (17.0.8+7-LTS, mixed mode, sharing, tiered, compressed oops, compressed class ptrs, g1 gc, windows-amd64)
GC Precious Log:
 CPUs: 4 total, 4 available
 Memory: 12193M
 Large Page Support: Disabled
 NUMA Support: Disabled
 Compressed Oops: Enabled (32-bit)
 Heap Region Size: 1M
 Heap Min Capacity: 8M
 Heap Initial Capacity: 192M
 Heap Max Capacity: 2G
 Pre-touch: Disabled
 Parallel Workers: 4
 Concurrent Workers: 1
 Concurrent Refinement Workers: 4
 Periodic GC: Disabled
Heap:
 garbage-first heap   total 215040K, used 173016K [0x0000000080000000, 0x0000000100000000)
  region size 1024K, 10 young (10240K), 2 survivors (2048K)
 Metaspace       used 99264K, committed 100352K, reserved 557056K
  class space    used 13837K, committed 14400K, reserved 425984K
GC Heap History (20 events):
Event: 95.249 GC heap before
{Heap before GC invocations=55 (full 0):
 garbage-first heap   total 215040K, used 176138K [0x0000000080000000, 0x0000000100000000)
  region size 1024K, 38 young (38912K), 4 survivors (4096K)
 Metaspace       used 95322K, committed 96384K, reserved 557056K
  class space    used 13379K, committed 13888K, reserved 425984K
}
Event: 95.258 GC heap after
{Heap after GC invocations=56 (full 0):
 garbage-first heap   total 215040K, used 142886K [0x0000000080000000, 0x0000000100000000)
  region size 1024K, 2 young (2048K), 2 survivors (2048K)
 Metaspace       used 95322K, committed 96384K, reserved 557056K
  class space    used 13379K, committed 13888K, reserved 425984K
}
Event: 97.392 GC heap before
{Heap before GC invocations=56 (full 0):
 garbage-first heap   total 215040K, used 178726K [0x0000000080000000, 0x0000000100000000)
  region size 1024K, 37 young (37888K), 2 survivors (2048K)
 Metaspace       used 96682K, committed 97792K, reserved 557056K
  class space    used 13568K, committed 14080K, reserved 425984K
}
Event: 97.408 GC heap after
{Heap after GC invocations=57 (full 0):
 garbage-first heap   total 215040K, used 147845K [0x0000000080000000, 0x0000000100000000)
  region size 1024K, 5 young (5120K), 5 survivors (5120K)
 Metaspace       used 96682K, committed 97792K, reserved 557056K
  class space    used 13568K, committed 14080K, reserved 425984K
}
Event: 98.907 GC heap before
{Heap before GC invocations=57 (full 0):
 garbage-first heap   total 215040K, used 179589K [0x0000000080000000, 0x0000000100000000)
  region size 1024K, 36 young (36864K), 5 survivors (5120K)
 Metaspace       used 97478K, committed 98496K, reserved 557056K
  class space    used 13655K, committed 14144K, reserved 425984K
}
Event: 98.923 GC heap after
{Heap after GC invocations=58 (full 0):
 garbage-first heap   total 215040K, used 151956K [0x0000000080000000, 0x0000000100000000)
  region size 1024K, 4 young (4096K), 4 survivors (4096K)
 Metaspace       used 97478K, committed 98496K, reserved 557056K
  class space    used 13655K, committed 14144K, reserved 425984K
}
Event: 100.538 GC heap before
{Heap before GC invocations=58 (full 0):
 garbage-first heap   total 215040K, used 181652K [0x0000000080000000, 0x0000000100000000)
  region size 1024K, 33 young (33792K), 4 survivors (4096K)
 Metaspace       used 97619K, committed 98624K, reserved 557056K
  class space    used 13656K, committed 14144K, reserved 425984K
}
Event: 100.551 GC heap after
{Heap after GC invocations=59 (full 0):
 garbage-first heap   total 215040K, used 154829K [0x0000000080000000, 0x0000000100000000)
  region size 1024K, 3 young (3072K), 3 survivors (3072K)
 Metaspace       used 97619K, committed 98624K, reserved 557056K
  class space    used 13656K, committed 14144K, reserved 425984K
}
Event: 101.480 GC heap before
{Heap before GC invocations=59 (full 0):
 garbage-first heap   total 215040K, used 182477K [0x0000000080000000, 0x0000000100000000)
  region size 1024K, 30 young (30720K), 3 survivors (3072K)
 Metaspace       used 98046K, committed 99072K, reserved 557056K
  class space    used 13705K, committed 14208K, reserved 425984K
}
Event: 101.495 GC heap after
{Heap after GC invocations=60 (full 0):
 garbage-first heap   total 215040K, used 158133K [0x0000000080000000, 0x0000000100000000)
  region size 1024K, 4 young (4096K), 4 survivors (4096K)
 Metaspace       used 98046K, committed 99072K, reserved 557056K
  class space    used 13705K, committed 14208K, reserved 425984K
}
Event: 102.344 GC heap before
{Heap before GC invocations=60 (full 0):
 garbage-first heap   total 215040K, used 182709K [0x0000000080000000, 0x0000000100000000)
  region size 1024K, 29 young (29696K), 4 survivors (4096K)
 Metaspace       used 98686K, committed 99776K, reserved 557056K
  class space    used 13779K, committed 14336K, reserved 425984K
}
Event: 102.358 GC heap after
{Heap after GC invocations=61 (full 0):
 garbage-first heap   total 215040K, used 159643K [0x0000000080000000, 0x0000000100000000)
  region size 1024K, 2 young (2048K), 2 survivors (2048K)
 Metaspace       used 98686K, committed 99776K, reserved 557056K
  class space    used 13779K, committed 14336K, reserved 425984K
}
Event: 103.093 GC heap before
{Heap before GC invocations=61 (full 0):
 garbage-first heap   total 215040K, used 183195K [0x0000000080000000, 0x0000000100000000)
  region size 1024K, 26 young (26624K), 2 survivors (2048K)
 Metaspace       used 98892K, committed 100032K, reserved 557056K
  class space    used 13786K, committed 14336K, reserved 425984K
}
Event: 103.100 GC heap after
{Heap after GC invocations=62 (full 0):
 garbage-first heap   total 215040K, used 160400K [0x0000000080000000, 0x0000000100000000)
  region size 1024K, 3 young (3072K), 3 survivors (3072K)
 Metaspace       used 98892K, committed 100032K, reserved 557056K
  class space    used 13786K, committed 14336K, reserved 425984K
}
Event: 104.093 GC heap before
{Heap before GC invocations=62 (full 0):
 garbage-first heap   total 215040K, used 184976K [0x0000000080000000, 0x0000000100000000)
  region size 1024K, 27 young (27648K), 3 survivors (3072K)
 Metaspace       used 99193K, committed 100288K, reserved 557056K
  class space    used 13836K, committed 14400K, reserved 425984K
}
Event: 104.102 GC heap after
{Heap after GC invocations=63 (full 0):
 garbage-first heap   total 215040K, used 163744K [0x0000000080000000, 0x0000000100000000)
  region size 1024K, 4 young (4096K), 4 survivors (4096K)
 Metaspace       used 99193K, committed 100288K, reserved 557056K
  class space    used 13836K, committed 14400K, reserved 425984K
}
Event: 104.834 GC heap before
{Heap before GC invocations=63 (full 0):
 garbage-first heap   total 215040K, used 186272K [0x0000000080000000, 0x0000000100000000)
  region size 1024K, 26 young (26624K), 4 survivors (4096K)
 Metaspace       used 99257K, committed 100352K, reserved 557056K
  class space    used 13836K, committed 14400K, reserved 425984K
}
Event: 104.843 GC heap after
{Heap after GC invocations=64 (full 0):
 garbage-first heap   total 215040K, used 165303K [0x0000000080000000, 0x0000000100000000)
  region size 1024K, 2 young (2048K), 2 survivors (2048K)
 Metaspace       used 99257K, committed 100352K, reserved 557056K
  class space    used 13836K, committed 14400K, reserved 425984K
}
Event: 105.793 GC heap before
{Heap before GC invocations=64 (full 0):
 garbage-first heap   total 215040K, used 184759K [0x0000000080000000, 0x0000000100000000)
  region size 1024K, 22 young (22528K), 2 survivors (2048K)
 Metaspace       used 99257K, committed 100352K, reserved 557056K
  class space    used 13836K, committed 14400K, reserved 425984K
}
Event: 105.797 GC heap after
{Heap after GC invocations=65 (full 0):
 garbage-first heap   total 215040K, used 165848K [0x0000000080000000, 0x0000000100000000)
  region size 1024K, 2 young (2048K), 2 survivors (2048K)
 Metaspace       used 99257K, committed 100352K, reserved 557056K
  class space    used 13836K, committed 14400K, reserved 425984K
}

