# JRE version: OpenJDK Runtime Environment Microsoft-8035246 (17.0.8+7) (build 17.0.8+7-LTS)
# Java VM: OpenJDK 64-Bit Server VM Microsoft-8035246 (17.0.8+7-LTS, mixed mode, sharing, tiered, compressed oops, compressed class ptrs, g1 gc, windows-amd64)
GC Precious Log:
 CPUs: 4 total, 4 available
 Memory: 12193M
 Large Page Support: Disabled
 NUMA Support: Disabled
 Compressed Oops: Enabled (32-bit)
 Heap Region Size: 1M
 Heap Min Capacity: 8M
 Heap Initial Capacity: 192M
 Heap Max Capacity: 2G
 Pre-touch: Disabled
 Parallel Workers: 4
 Concurrent Workers: 1
 Concurrent Refinement Workers: 4
 Periodic GC: Disabled
Heap:
 garbage-first heap   total 356352K, used 247534K [0x0000000080000000, 0x0000000100000000)
  region size 1024K, 103 young (105472K), 14 survivors (14336K)
 Metaspace       used 106925K, committed 108032K, reserved 557056K
  class space    used 14807K, committed 15360K, reserved 425984K
GC Heap History (20 events):
Event: 30.902 GC heap before
{Heap before GC invocations=28 (full 0):
 garbage-first heap   total 178176K, used 142572K [0x0000000080000000, 0x0000000100000000)
  region size 1024K, 55 young (56320K), 3 survivors (3072K)
 Metaspace       used 85066K, committed 85760K, reserved 557056K
  class space    used 11705K, committed 12032K, reserved 425984K
}
Event: 30.914 GC heap after
{Heap after GC invocations=29 (full 0):
 garbage-first heap   total 178176K, used 93193K [0x0000000080000000, 0x0000000100000000)
  region size 1024K, 6 young (6144K), 6 survivors (6144K)
 Metaspace       used 85066K, committed 85760K, reserved 557056K
  class space    used 11705K, committed 12032K, reserved 425984K
}
Event: 30.952 GC heap before
{Heap before GC invocations=29 (full 0):
 garbage-first heap   total 178176K, used 95241K [0x0000000080000000, 0x0000000100000000)
  region size 1024K, 8 young (8192K), 6 survivors (6144K)
 Metaspace       used 85084K, committed 85824K, reserved 557056K
  class space    used 11705K, committed 12032K, reserved 425984K
}
Event: 30.964 GC heap after
{Heap after GC invocations=30 (full 0):
 garbage-first heap   total 178176K, used 93584K [0x0000000080000000, 0x0000000100000000)
  region size 1024K, 1 young (1024K), 1 survivors (1024K)
 Metaspace       used 85084K, committed 85824K, reserved 557056K
  class space    used 11705K, committed 12032K, reserved 425984K
}
Event: 36.527 GC heap before
{Heap before GC invocations=30 (full 0):
 garbage-first heap   total 178176K, used 144784K [0x0000000080000000, 0x0000000100000000)
  region size 1024K, 51 young (52224K), 1 survivors (1024K)
 Metaspace       used 87451K, committed 88128K, reserved 557056K
  class space    used 12049K, committed 12352K, reserved 425984K
}
Event: 36.534 GC heap after
{Heap after GC invocations=31 (full 0):
 garbage-first heap   total 178176K, used 96045K [0x0000000080000000, 0x0000000100000000)
  region size 1024K, 4 young (4096K), 4 survivors (4096K)
 Metaspace       used 87451K, committed 88128K, reserved 557056K
  class space    used 12049K, committed 12352K, reserved 425984K
}
Event: 37.712 GC heap before
{Heap before GC invocations=32 (full 0):
 garbage-first heap   total 178176K, used 146221K [0x0000000080000000, 0x0000000100000000)
  region size 1024K, 52 young (53248K), 4 survivors (4096K)
 Metaspace       used 90797K, committed 91584K, reserved 557056K
  class space    used 12684K, committed 13056K, reserved 425984K
}
Event: 37.720 GC heap after
{Heap after GC invocations=33 (full 0):
 garbage-first heap   total 178176K, used 97675K [0x0000000080000000, 0x0000000100000000)
  region size 1024K, 5 young (5120K), 5 survivors (5120K)
 Metaspace       used 90797K, committed 91584K, reserved 557056K
  class space    used 12684K, committed 13056K, reserved 425984K
}
Event: 37.779 GC heap before
{Heap before GC invocations=33 (full 0):
 garbage-first heap   total 178176K, used 100747K [0x0000000080000000, 0x0000000100000000)
  region size 1024K, 8 young (8192K), 5 survivors (5120K)
 Metaspace       used 91010K, committed 91776K, reserved 557056K
  class space    used 12711K, committed 13056K, reserved 425984K
}
Event: 37.788 GC heap after
{Heap after GC invocations=34 (full 0):
 garbage-first heap   total 178176K, used 97716K [0x0000000080000000, 0x0000000100000000)
  region size 1024K, 1 young (1024K), 1 survivors (1024K)
 Metaspace       used 91010K, committed 91776K, reserved 557056K
  class space    used 12711K, committed 13056K, reserved 425984K
}
Event: 38.744 GC heap before
{Heap before GC invocations=34 (full 0):
 garbage-first heap   total 178176K, used 147892K [0x0000000080000000, 0x0000000100000000)
  region size 1024K, 50 young (51200K), 1 survivors (1024K)
 Metaspace       used 93532K, committed 94400K, reserved 557056K
  class space    used 13063K, committed 13440K, reserved 425984K
}
Event: 38.754 GC heap after
{Heap after GC invocations=35 (full 0):
 garbage-first heap   total 356352K, used 100554K [0x0000000080000000, 0x0000000100000000)
  region size 1024K, 4 young (4096K), 4 survivors (4096K)
 Metaspace       used 93532K, committed 94400K, reserved 557056K
  class space    used 13063K, committed 13440K, reserved 425984K
}
Event: 40.966 GC heap before
{Heap before GC invocations=35 (full 0):
 garbage-first heap   total 356352K, used 175306K [0x0000000080000000, 0x0000000100000000)
  region size 1024K, 78 young (79872K), 4 survivors (4096K)
 Metaspace       used 95900K, committed 96768K, reserved 557056K
  class space    used 13393K, committed 13760K, reserved 425984K
}
Event: 40.989 GC heap after
{Heap after GC invocations=36 (full 0):
 garbage-first heap   total 356352K, used 109163K [0x0000000080000000, 0x0000000100000000)
  region size 1024K, 12 young (12288K), 12 survivors (12288K)
 Metaspace       used 95900K, committed 96768K, reserved 557056K
  class space    used 13393K, committed 13760K, reserved 425984K
}
Event: 45.891 GC heap before
{Heap before GC invocations=37 (full 0):
 garbage-first heap   total 356352K, used 280171K [0x0000000080000000, 0x0000000100000000)
  region size 1024K, 173 young (177152K), 12 survivors (12288K)
 Metaspace       used 103616K, committed 104704K, reserved 557056K
  class space    used 14413K, committed 14912K, reserved 425984K
}
Event: 45.940 GC heap after
{Heap after GC invocations=38 (full 0):
 garbage-first heap   total 356352K, used 144030K [0x0000000080000000, 0x0000000100000000)
  region size 1024K, 22 young (22528K), 22 survivors (22528K)
 Metaspace       used 103616K, committed 104704K, reserved 557056K
  class space    used 14413K, committed 14912K, reserved 425984K
}
Event: 45.992 GC heap before
{Heap before GC invocations=38 (full 0):
 garbage-first heap   total 356352K, used 145054K [0x0000000080000000, 0x0000000100000000)
  region size 1024K, 23 young (23552K), 22 survivors (22528K)
 Metaspace       used 103627K, committed 104704K, reserved 557056K
  class space    used 14414K, committed 14912K, reserved 425984K
}
Event: 46.013 GC heap after
{Heap after GC invocations=39 (full 0):
 garbage-first heap   total 356352K, used 146978K [0x0000000080000000, 0x0000000100000000)
  region size 1024K, 2 young (2048K), 2 survivors (2048K)
 Metaspace       used 103627K, committed 104704K, reserved 557056K
  class space    used 14414K, committed 14912K, reserved 425984K
}
Event: 49.069 GC heap before
{Heap before GC invocations=39 (full 0):
 garbage-first heap   total 356352K, used 273954K [0x0000000080000000, 0x0000000100000000)
  region size 1024K, 126 young (129024K), 2 survivors (2048K)
 Metaspace       used 106391K, committed 107520K, reserved 557056K
  class space    used 14761K, committed 15296K, reserved 425984K
}
Event: 49.099 GC heap after
{Heap after GC invocations=40 (full 0):
 garbage-first heap   total 356352K, used 158446K [0x0000000080000000, 0x0000000100000000)
  region size 1024K, 14 young (14336K), 14 survivors (14336K)
 Metaspace       used 106391K, committed 107520K, reserved 557056K
  class space    used 14761K, committed 15296K, reserved 425984K
}

