# JRE version: OpenJDK Runtime Environment Microsoft-8035246 (17.0.8+7) (build 17.0.8+7-LTS)
# Java VM: OpenJDK 64-Bit Server VM Microsoft-8035246 (17.0.8+7-LTS, mixed mode, sharing, tiered, compressed oops, compressed class ptrs, g1 gc, windows-amd64)
GC Precious Log:
 CPUs: 4 total, 4 available
 Memory: 12193M
 Large Page Support: Disabled
 NUMA Support: Disabled
 Compressed Oops: Enabled (32-bit)
 Heap Region Size: 1M
 Heap Min Capacity: 8M
 Heap Initial Capacity: 192M
 Heap Max Capacity: 2G
 Pre-touch: Disabled
 Parallel Workers: 4
 Concurrent Workers: 1
 Concurrent Refinement Workers: 4
 Periodic GC: Disabled
Heap:
 garbage-first heap   total 376832K, used 191305K [0x0000000080000000, 0x0000000100000000)
  region size 1024K, 36 young (36864K), 10 survivors (10240K)
 Metaspace       used 99269K, committed 100352K, reserved 557056K
  class space    used 13849K, committed 14400K, reserved 425984K
GC Heap History (20 events):
Event: 36.373 GC heap before
{Heap before GC invocations=41 (full 0):
 garbage-first heap   total 214016K, used 150089K [0x0000000080000000, 0x0000000100000000)
  region size 1024K, 66 young (67584K), 4 survivors (4096K)
 Metaspace       used 79639K, committed 80384K, reserved 557056K
  class space    used 11097K, committed 11456K, reserved 425984K
}
Event: 36.386 GC heap after
{Heap after GC invocations=42 (full 0):
 garbage-first heap   total 214016K, used 90821K [0x0000000080000000, 0x0000000100000000)
  region size 1024K, 8 young (8192K), 8 survivors (8192K)
 Metaspace       used 79639K, committed 80384K, reserved 557056K
  class space    used 11097K, committed 11456K, reserved 425984K
}
Event: 37.503 GC heap before
{Heap before GC invocations=42 (full 0):
 garbage-first heap   total 214016K, used 157381K [0x0000000080000000, 0x0000000100000000)
  region size 1024K, 72 young (73728K), 8 survivors (8192K)
 Metaspace       used 84102K, committed 84800K, reserved 557056K
  class space    used 11870K, committed 12224K, reserved 425984K
}
Event: 37.517 GC heap after
{Heap after GC invocations=43 (full 0):
 garbage-first heap   total 214016K, used 93463K [0x0000000080000000, 0x0000000100000000)
  region size 1024K, 7 young (7168K), 7 survivors (7168K)
 Metaspace       used 84102K, committed 84800K, reserved 557056K
  class space    used 11870K, committed 12224K, reserved 425984K
}
Event: 38.623 GC heap before
{Heap before GC invocations=43 (full 0):
 garbage-first heap   total 214016K, used 161047K [0x0000000080000000, 0x0000000100000000)
  region size 1024K, 73 young (74752K), 7 survivors (7168K)
 Metaspace       used 86812K, committed 87616K, reserved 557056K
  class space    used 12240K, committed 12608K, reserved 425984K
}
Event: 38.642 GC heap after
{Heap after GC invocations=44 (full 0):
 garbage-first heap   total 214016K, used 99929K [0x0000000080000000, 0x0000000100000000)
  region size 1024K, 9 young (9216K), 9 survivors (9216K)
 Metaspace       used 86812K, committed 87616K, reserved 557056K
  class space    used 12240K, committed 12608K, reserved 425984K
}
Event: 40.699 GC heap before
{Heap before GC invocations=44 (full 0):
 garbage-first heap   total 214016K, used 168537K [0x0000000080000000, 0x0000000100000000)
  region size 1024K, 73 young (74752K), 9 survivors (9216K)
 Metaspace       used 88551K, committed 89408K, reserved 557056K
  class space    used 12508K, committed 12928K, reserved 425984K
}
Event: 40.725 GC heap after
{Heap after GC invocations=45 (full 0):
 garbage-first heap   total 214016K, used 117300K [0x0000000080000000, 0x0000000100000000)
  region size 1024K, 10 young (10240K), 10 survivors (10240K)
 Metaspace       used 88551K, committed 89408K, reserved 557056K
  class space    used 12508K, committed 12928K, reserved 425984K
}
Event: 42.407 GC heap before
{Heap before GC invocations=45 (full 0):
 garbage-first heap   total 214016K, used 167476K [0x0000000080000000, 0x0000000100000000)
  region size 1024K, 59 young (60416K), 10 survivors (10240K)
 Metaspace       used 90429K, committed 91392K, reserved 557056K
  class space    used 12689K, committed 13120K, reserved 425984K
}
Event: 42.434 GC heap after
{Heap after GC invocations=46 (full 0):
 garbage-first heap   total 214016K, used 132035K [0x0000000080000000, 0x0000000100000000)
  region size 1024K, 8 young (8192K), 8 survivors (8192K)
 Metaspace       used 90429K, committed 91392K, reserved 557056K
  class space    used 12689K, committed 13120K, reserved 425984K
}
Event: 43.362 GC heap before
{Heap before GC invocations=47 (full 0):
 garbage-first heap   total 237568K, used 168899K [0x0000000080000000, 0x0000000100000000)
  region size 1024K, 43 young (44032K), 8 survivors (8192K)
 Metaspace       used 91181K, committed 92096K, reserved 557056K
  class space    used 12782K, committed 13248K, reserved 425984K
}
Event: 43.383 GC heap after
{Heap after GC invocations=48 (full 0):
 garbage-first heap   total 237568K, used 141312K [0x0000000080000000, 0x0000000100000000)
  region size 1024K, 6 young (6144K), 6 survivors (6144K)
 Metaspace       used 91181K, committed 92096K, reserved 557056K
  class space    used 12782K, committed 13248K, reserved 425984K
}
Event: 43.451 GC heap before
{Heap before GC invocations=48 (full 0):
 garbage-first heap   total 237568K, used 146432K [0x0000000080000000, 0x0000000100000000)
  region size 1024K, 11 young (11264K), 6 survivors (6144K)
 Metaspace       used 91437K, committed 92352K, reserved 557056K
  class space    used 12815K, committed 13248K, reserved 425984K
}
Event: 43.463 GC heap after
{Heap after GC invocations=49 (full 0):
 garbage-first heap   total 237568K, used 142014K [0x0000000080000000, 0x0000000100000000)
  region size 1024K, 1 young (1024K), 1 survivors (1024K)
 Metaspace       used 91437K, committed 92352K, reserved 557056K
  class space    used 12815K, committed 13248K, reserved 425984K
}
Event: 44.371 GC heap before
{Heap before GC invocations=49 (full 0):
 garbage-first heap   total 237568K, used 188094K [0x0000000080000000, 0x0000000100000000)
  region size 1024K, 46 young (47104K), 1 survivors (1024K)
 Metaspace       used 95244K, committed 96256K, reserved 557056K
  class space    used 13373K, committed 13888K, reserved 425984K
}
Event: 44.379 GC heap after
{Heap after GC invocations=50 (full 0):
 garbage-first heap   total 376832K, used 143410K [0x0000000080000000, 0x0000000100000000)
  region size 1024K, 3 young (3072K), 3 survivors (3072K)
 Metaspace       used 95244K, committed 96256K, reserved 557056K
  class space    used 13373K, committed 13888K, reserved 425984K
}
Event: 47.365 GC heap before
{Heap before GC invocations=50 (full 0):
 garbage-first heap   total 376832K, used 273458K [0x0000000080000000, 0x0000000100000000)
  region size 1024K, 130 young (133120K), 3 survivors (3072K)
 Metaspace       used 98193K, committed 99200K, reserved 557056K
  class space    used 13722K, committed 14208K, reserved 425984K
}
Event: 47.406 GC heap after
{Heap after GC invocations=51 (full 0):
 garbage-first heap   total 376832K, used 157416K [0x0000000080000000, 0x0000000100000000)
  region size 1024K, 16 young (16384K), 16 survivors (16384K)
 Metaspace       used 98193K, committed 99200K, reserved 557056K
  class space    used 13722K, committed 14208K, reserved 425984K
}
Event: 50.406 GC heap before
{Heap before GC invocations=51 (full 0):
 garbage-first heap   total 376832K, used 284392K [0x0000000080000000, 0x0000000100000000)
  region size 1024K, 137 young (140288K), 16 survivors (16384K)
 Metaspace       used 99265K, committed 100352K, reserved 557056K
  class space    used 13849K, committed 14400K, reserved 425984K
}
Event: 50.446 GC heap after
{Heap after GC invocations=52 (full 0):
 garbage-first heap   total 376832K, used 166729K [0x0000000080000000, 0x0000000100000000)
  region size 1024K, 10 young (10240K), 10 survivors (10240K)
 Metaspace       used 99265K, committed 100352K, reserved 557056K
  class space    used 13849K, committed 14400K, reserved 425984K
}

